<?xml version="1.0" encoding="UTF-8"?>
<coverage generated="1689807885315" clover="3.2.0">
  <project timestamp="1689807885315" name="All files">
    <metrics statements="156" coveredstatements="143" conditionals="108" coveredconditionals="95" methods="58" coveredmethods="54" elements="322" coveredelements="292" complexity="0" loc="156" ncloc="156" packages="1" files="6" classes="6"/>
    <file name="Cantina.js" path="C:\Users\totoz\Desktop\Obl FIs\src\domain\Cantina.js">
      <metrics statements="42" coveredstatements="29" conditionals="18" coveredconditionals="11" methods="13" coveredmethods="9"/>
      <line num="8" count="7" type="stmt"/>
      <line num="9" count="7" type="stmt"/>
      <line num="10" count="7" type="stmt"/>
      <line num="11" count="7" type="stmt"/>
      <line num="12" count="7" type="stmt"/>
      <line num="15" count="0" type="stmt"/>
      <line num="18" count="0" type="stmt"/>
      <line num="21" count="1" type="stmt"/>
      <line num="25" count="1" type="stmt"/>
      <line num="26" count="1" type="cond" truecount="1" falsecount="1"/>
      <line num="27" count="1" type="stmt"/>
      <line num="30" count="0" type="stmt"/>
      <line num="33" count="4" type="stmt"/>
      <line num="34" count="4" type="stmt"/>
      <line num="35" count="1" type="cond" truecount="1" falsecount="1"/>
      <line num="36" count="1" type="stmt"/>
      <line num="39" count="4" type="stmt"/>
      <line num="42" count="0" type="stmt"/>
      <line num="43" count="0" type="stmt"/>
      <line num="44" count="0" type="cond" truecount="0" falsecount="2"/>
      <line num="45" count="0" type="stmt"/>
      <line num="48" count="0" type="stmt"/>
      <line num="51" count="4" type="cond" truecount="4" falsecount="0"/>
      <line num="52" count="3" type="cond" truecount="2" falsecount="0"/>
      <line num="53" count="1" type="stmt"/>
      <line num="55" count="2" type="stmt"/>
      <line num="58" count="1" type="stmt"/>
      <line num="62" count="0" type="stmt"/>
      <line num="63" count="0" type="stmt"/>
      <line num="64" count="0" type="cond" truecount="0" falsecount="2"/>
      <line num="65" count="0" type="stmt"/>
      <line num="68" count="0" type="stmt"/>
      <line num="71" count="7" type="stmt"/>
      <line num="72" count="7" type="stmt"/>
      <line num="73" count="1" type="cond" truecount="1" falsecount="1"/>
      <line num="74" count="1" type="stmt"/>
      <line num="77" count="7" type="stmt"/>
      <line num="80" count="4" type="cond" truecount="2" falsecount="0"/>
      <line num="81" count="3" type="stmt"/>
      <line num="83" count="1" type="stmt"/>
      <line num="87" count="1" type="stmt"/>
      <line num="90" count="2" type="stmt"/>
    </file>
    <file name="Comensal.js" path="C:\Users\totoz\Desktop\Obl FIs\src\domain\Comensal.js">
      <metrics statements="28" coveredstatements="28" conditionals="22" coveredconditionals="21" methods="5" coveredmethods="5"/>
      <line num="8" count="29" type="stmt"/>
      <line num="9" count="29" type="cond" truecount="2" falsecount="0"/>
      <line num="10" count="1" type="stmt"/>
      <line num="12" count="28" type="cond" truecount="1" falsecount="1"/>
      <line num="14" count="28" type="stmt"/>
      <line num="17" count="29" type="cond" truecount="7" falsecount="0"/>
      <line num="19" count="1" type="stmt"/>
      <line num="20" count="1" type="stmt"/>
      <line num="22" count="1" type="stmt"/>
      <line num="23" count="1" type="stmt"/>
      <line num="25" count="1" type="stmt"/>
      <line num="26" count="1" type="stmt"/>
      <line num="28" count="21" type="stmt"/>
      <line num="29" count="21" type="stmt"/>
      <line num="31" count="1" type="stmt"/>
      <line num="32" count="1" type="stmt"/>
      <line num="34" count="1" type="stmt"/>
      <line num="35" count="1" type="stmt"/>
      <line num="37" count="3" type="stmt"/>
      <line num="38" count="3" type="stmt"/>
      <line num="42" count="7" type="cond" truecount="5" falsecount="0"/>
      <line num="43" count="3" type="stmt"/>
      <line num="45" count="4" type="cond" truecount="6" falsecount="0"/>
      <line num="46" count="3" type="stmt"/>
      <line num="48" count="1" type="stmt"/>
      <line num="51" count="6" type="stmt"/>
      <line num="54" count="1" type="stmt"/>
      <line num="58" count="2" type="stmt"/>
    </file>
    <file name="MenuDelDia.js" path="C:\Users\totoz\Desktop\Obl FIs\src\domain\MenuDelDia.js">
      <metrics statements="20" coveredstatements="20" conditionals="20" coveredconditionals="19" methods="9" coveredmethods="9"/>
      <line num="9" count="24" type="stmt"/>
      <line num="10" count="24" type="stmt"/>
      <line num="11" count="24" type="stmt"/>
      <line num="12" count="24" type="stmt"/>
      <line num="13" count="24" type="stmt"/>
      <line num="16" count="12" type="cond" truecount="5" falsecount="0"/>
      <line num="17" count="3" type="stmt"/>
      <line num="19" count="9" type="cond" truecount="5" falsecount="0"/>
      <line num="20" count="3" type="stmt"/>
      <line num="22" count="6" type="cond" truecount="5" falsecount="0"/>
      <line num="23" count="3" type="stmt"/>
      <line num="25" count="3" type="cond" truecount="4" falsecount="1"/>
      <line num="26" count="3" type="stmt"/>
      <line num="30" count="1" type="stmt"/>
      <line num="33" count="2" type="stmt"/>
      <line num="36" count="1" type="stmt"/>
      <line num="39" count="1" type="stmt"/>
      <line num="42" count="1" type="stmt"/>
      <line num="45" count="4" type="stmt"/>
      <line num="48" count="1" type="stmt"/>
    </file>
    <file name="Pedido.js" path="C:\Users\totoz\Desktop\Obl FIs\src\domain\Pedido.js">
      <metrics statements="13" coveredstatements="13" conditionals="15" coveredconditionals="14" methods="6" coveredmethods="6"/>
      <line num="6" count="16" type="stmt"/>
      <line num="7" count="16" type="stmt"/>
      <line num="8" count="16" type="stmt"/>
      <line num="11" count="9" type="cond" truecount="5" falsecount="0"/>
      <line num="12" count="3" type="stmt"/>
      <line num="14" count="6" type="cond" truecount="5" falsecount="0"/>
      <line num="15" count="3" type="stmt"/>
      <line num="17" count="3" type="cond" truecount="4" falsecount="1"/>
      <line num="18" count="3" type="stmt"/>
      <line num="22" count="2" type="stmt"/>
      <line num="25" count="1" type="stmt"/>
      <line num="28" count="1" type="stmt"/>
      <line num="31" count="1" type="stmt"/>
    </file>
    <file name="Producto.js" path="C:\Users\totoz\Desktop\Obl FIs\src\domain\Producto.js">
      <metrics statements="22" coveredstatements="22" conditionals="20" coveredconditionals="19" methods="8" coveredmethods="8"/>
      <line num="7" count="30" type="stmt"/>
      <line num="8" count="30" type="stmt"/>
      <line num="9" count="30" type="cond" truecount="2" falsecount="0"/>
      <line num="10" count="21" type="stmt"/>
      <line num="12" count="9" type="cond" truecount="2" falsecount="0"/>
      <line num="13" count="8" type="stmt"/>
      <line num="15" count="1" type="stmt"/>
      <line num="18" count="30" type="stmt"/>
      <line num="21" count="1" type="stmt"/>
      <line num="24" count="1" type="stmt"/>
      <line num="27" count="1" type="stmt"/>
      <line num="30" count="4" type="stmt"/>
      <line num="33" count="2" type="stmt"/>
      <line num="36" count="5" type="cond" truecount="2" falsecount="0"/>
      <line num="37" count="2" type="stmt"/>
      <line num="39" count="3" type="stmt"/>
      <line num="42" count="6" type="cond" truecount="5" falsecount="0"/>
      <line num="43" count="3" type="stmt"/>
      <line num="45" count="3" type="cond" truecount="5" falsecount="0"/>
      <line num="46" count="2" type="stmt"/>
      <line num="48" count="1" type="cond" truecount="3" falsecount="1"/>
      <line num="50" count="1" type="stmt"/>
    </file>
    <file name="Socio.js" path="C:\Users\totoz\Desktop\Obl FIs\src\domain\Socio.js">
      <metrics statements="31" coveredstatements="31" conditionals="13" coveredconditionals="11" methods="17" coveredmethods="17"/>
      <line num="9" count="21" type="stmt"/>
      <line num="10" count="21" type="stmt"/>
      <line num="11" count="21" type="stmt"/>
      <line num="12" count="21" type="stmt"/>
      <line num="13" count="21" type="stmt"/>
      <line num="16" count="5" type="cond" truecount="5" falsecount="0"/>
      <line num="17" count="3" type="stmt"/>
      <line num="19" count="2" type="cond" truecount="3" falsecount="1"/>
      <line num="20" count="2" type="stmt"/>
      <line num="24" count="3" type="stmt"/>
      <line num="27" count="3" type="stmt"/>
      <line num="30" count="1" type="stmt"/>
      <line num="33" count="2" type="stmt"/>
      <line num="36" count="2" type="stmt"/>
      <line num="39" count="1" type="stmt"/>
      <line num="42" count="1" type="stmt"/>
      <line num="43" count="1" type="stmt"/>
      <line num="46" count="1" type="stmt"/>
      <line num="49" count="2" type="stmt"/>
      <line num="52" count="1" type="stmt"/>
      <line num="55" count="6" type="stmt"/>
      <line num="58" count="7" type="stmt"/>
      <line num="59" count="7" type="stmt"/>
      <line num="60" count="2" type="cond" truecount="1" falsecount="1"/>
      <line num="61" count="2" type="stmt"/>
      <line num="64" count="7" type="stmt"/>
      <line num="67" count="6" type="cond" truecount="2" falsecount="0"/>
      <line num="68" count="5" type="stmt"/>
      <line num="70" count="1" type="stmt"/>
      <line num="75" count="2" type="stmt"/>
      <line num="79" count="1" type="stmt"/>
    </file>
  </project>
</coverage>
