{"C:\\Users\\totoz\\Desktop\\Obl FIs\\src\\domain\\Cantina.js": {"path":"C:\\Users\\totoz\\Desktop\\Obl FIs\\src\\domain\\Cantina.js","statementMap":{"0":{"start":{"line":8,"column":8},"end":{"line":8,"column":30}},"1":{"start":{"line":9,"column":8},"end":{"line":9,"column":28}},"2":{"start":{"line":10,"column":8},"end":{"line":10,"column":31}},"3":{"start":{"line":11,"column":8},"end":{"line":11,"column":29}},"4":{"start":{"line":12,"column":8},"end":{"line":12,"column":34}},"5":{"start":{"line":15,"column":8},"end":{"line":15,"column":46}},"6":{"start":{"line":18,"column":8},"end":{"line":18,"column":40}},"7":{"start":{"line":21,"column":8},"end":{"line":21,"column":38}},"8":{"start":{"line":25,"column":8},"end":{"line":29,"column":9}},"9":{"start":{"line":26,"column":12},"end":{"line":28,"column":13}},"10":{"start":{"line":27,"column":16},"end":{"line":27,"column":28}},"11":{"start":{"line":30,"column":8},"end":{"line":30,"column":21}},"12":{"start":{"line":33,"column":19},"end":{"line":33,"column":24}},"13":{"start":{"line":34,"column":8},"end":{"line":38,"column":9}},"14":{"start":{"line":35,"column":12},"end":{"line":37,"column":13}},"15":{"start":{"line":36,"column":16},"end":{"line":36,"column":27}},"16":{"start":{"line":39,"column":8},"end":{"line":39,"column":20}},"17":{"start":{"line":42,"column":19},"end":{"line":42,"column":24}},"18":{"start":{"line":43,"column":8},"end":{"line":47,"column":9}},"19":{"start":{"line":44,"column":12},"end":{"line":46,"column":13}},"20":{"start":{"line":45,"column":16},"end":{"line":45,"column":27}},"21":{"start":{"line":48,"column":8},"end":{"line":48,"column":20}},"22":{"start":{"line":51,"column":12},"end":{"line":59,"column":13}},"23":{"start":{"line":52,"column":16},"end":{"line":56,"column":17}},"24":{"start":{"line":53,"column":20},"end":{"line":53,"column":57}},"25":{"start":{"line":55,"column":20},"end":{"line":55,"column":54}},"26":{"start":{"line":58,"column":16},"end":{"line":58,"column":53}},"27":{"start":{"line":62,"column":17},"end":{"line":62,"column":22}},"28":{"start":{"line":63,"column":8},"end":{"line":67,"column":9}},"29":{"start":{"line":64,"column":12},"end":{"line":66,"column":13}},"30":{"start":{"line":65,"column":16},"end":{"line":65,"column":26}},"31":{"start":{"line":68,"column":8},"end":{"line":68,"column":20}},"32":{"start":{"line":71,"column":19},"end":{"line":71,"column":24}},"33":{"start":{"line":72,"column":8},"end":{"line":76,"column":9}},"34":{"start":{"line":73,"column":12},"end":{"line":75,"column":13}},"35":{"start":{"line":74,"column":16},"end":{"line":74,"column":27}},"36":{"start":{"line":77,"column":8},"end":{"line":77,"column":20}},"37":{"start":{"line":80,"column":8},"end":{"line":84,"column":9}},"38":{"start":{"line":81,"column":12},"end":{"line":81,"column":48}},"39":{"start":{"line":83,"column":12},"end":{"line":83,"column":46}},"40":{"start":{"line":87,"column":8},"end":{"line":87,"column":35}},"41":{"start":{"line":90,"column":8},"end":{"line":90,"column":32}}},"fnMap":{"0":{"name":"(anonymous_0)","decl":{"start":{"line":7,"column":4},"end":{"line":7,"column":5}},"loc":{"start":{"line":7,"column":17},"end":{"line":13,"column":5}},"line":7},"1":{"name":"(anonymous_1)","decl":{"start":{"line":14,"column":4},"end":{"line":14,"column":5}},"loc":{"start":{"line":14,"column":23},"end":{"line":16,"column":5}},"line":14},"2":{"name":"(anonymous_2)","decl":{"start":{"line":17,"column":4},"end":{"line":17,"column":5}},"loc":{"start":{"line":17,"column":25},"end":{"line":19,"column":5}},"line":17},"3":{"name":"(anonymous_3)","decl":{"start":{"line":20,"column":4},"end":{"line":20,"column":5}},"loc":{"start":{"line":20,"column":20},"end":{"line":22,"column":5}},"line":20},"4":{"name":"(anonymous_4)","decl":{"start":{"line":23,"column":4},"end":{"line":23,"column":5}},"loc":{"start":{"line":23,"column":24},"end":{"line":31,"column":5}},"line":23},"5":{"name":"(anonymous_5)","decl":{"start":{"line":32,"column":4},"end":{"line":32,"column":5}},"loc":{"start":{"line":32,"column":29},"end":{"line":40,"column":5}},"line":32},"6":{"name":"(anonymous_6)","decl":{"start":{"line":41,"column":4},"end":{"line":41,"column":5}},"loc":{"start":{"line":41,"column":20},"end":{"line":49,"column":5}},"line":41},"7":{"name":"(anonymous_7)","decl":{"start":{"line":50,"column":4},"end":{"line":50,"column":5}},"loc":{"start":{"line":50,"column":31},"end":{"line":60,"column":5}},"line":50},"8":{"name":"(anonymous_8)","decl":{"start":{"line":61,"column":4},"end":{"line":61,"column":5}},"loc":{"start":{"line":61,"column":20},"end":{"line":69,"column":5}},"line":61},"9":{"name":"(anonymous_9)","decl":{"start":{"line":70,"column":4},"end":{"line":70,"column":5}},"loc":{"start":{"line":70,"column":20},"end":{"line":78,"column":5}},"line":70},"10":{"name":"(anonymous_10)","decl":{"start":{"line":79,"column":4},"end":{"line":79,"column":5}},"loc":{"start":{"line":79,"column":25},"end":{"line":85,"column":5}},"line":79},"11":{"name":"(anonymous_11)","decl":{"start":{"line":86,"column":4},"end":{"line":86,"column":5}},"loc":{"start":{"line":86,"column":23},"end":{"line":88,"column":5}},"line":86},"12":{"name":"(anonymous_12)","decl":{"start":{"line":89,"column":4},"end":{"line":89,"column":5}},"loc":{"start":{"line":89,"column":20},"end":{"line":91,"column":5}},"line":89}},"branchMap":{"0":{"loc":{"start":{"line":26,"column":12},"end":{"line":28,"column":13}},"type":"if","locations":[{"start":{"line":26,"column":12},"end":{"line":28,"column":13}},{"start":{},"end":{}}],"line":26},"1":{"loc":{"start":{"line":35,"column":12},"end":{"line":37,"column":13}},"type":"if","locations":[{"start":{"line":35,"column":12},"end":{"line":37,"column":13}},{"start":{},"end":{}}],"line":35},"2":{"loc":{"start":{"line":44,"column":12},"end":{"line":46,"column":13}},"type":"if","locations":[{"start":{"line":44,"column":12},"end":{"line":46,"column":13}},{"start":{},"end":{}}],"line":44},"3":{"loc":{"start":{"line":51,"column":12},"end":{"line":59,"column":13}},"type":"if","locations":[{"start":{"line":51,"column":12},"end":{"line":59,"column":13}},{"start":{"line":57,"column":17},"end":{"line":59,"column":13}}],"line":51},"4":{"loc":{"start":{"line":51,"column":15},"end":{"line":51,"column":73}},"type":"binary-expr","locations":[{"start":{"line":51,"column":15},"end":{"line":51,"column":45}},{"start":{"line":51,"column":47},"end":{"line":51,"column":73}}],"line":51},"5":{"loc":{"start":{"line":52,"column":16},"end":{"line":56,"column":17}},"type":"if","locations":[{"start":{"line":52,"column":16},"end":{"line":56,"column":17}},{"start":{"line":54,"column":21},"end":{"line":56,"column":17}}],"line":52},"6":{"loc":{"start":{"line":64,"column":12},"end":{"line":66,"column":13}},"type":"if","locations":[{"start":{"line":64,"column":12},"end":{"line":66,"column":13}},{"start":{},"end":{}}],"line":64},"7":{"loc":{"start":{"line":73,"column":12},"end":{"line":75,"column":13}},"type":"if","locations":[{"start":{"line":73,"column":12},"end":{"line":75,"column":13}},{"start":{},"end":{}}],"line":73},"8":{"loc":{"start":{"line":80,"column":8},"end":{"line":84,"column":9}},"type":"if","locations":[{"start":{"line":80,"column":8},"end":{"line":84,"column":9}},{"start":{"line":82,"column":13},"end":{"line":84,"column":9}}],"line":80}},"s":{"0":7,"1":7,"2":7,"3":7,"4":7,"5":0,"6":0,"7":1,"8":1,"9":1,"10":1,"11":0,"12":4,"13":4,"14":1,"15":1,"16":4,"17":0,"18":0,"19":0,"20":0,"21":0,"22":4,"23":3,"24":1,"25":2,"26":1,"27":0,"28":0,"29":0,"30":0,"31":0,"32":7,"33":7,"34":1,"35":1,"36":7,"37":4,"38":3,"39":1,"40":1,"41":2},"f":{"0":7,"1":0,"2":0,"3":1,"4":1,"5":4,"6":0,"7":4,"8":0,"9":7,"10":4,"11":1,"12":2},"b":{"0":[1,0],"1":[1,0],"2":[0,0],"3":[3,1],"4":[4,3],"5":[1,2],"6":[0,0],"7":[1,0],"8":[3,1]},"_coverageSchema":"1a1c01bbd47fc00a2c39e90264f33305004495a9","hash":"0bbf43af534646b3c90f0fafba49312310c6cdc7"}
,"C:\\Users\\totoz\\Desktop\\Obl FIs\\src\\domain\\Comensal.js": {"path":"C:\\Users\\totoz\\Desktop\\Obl FIs\\src\\domain\\Comensal.js","statementMap":{"0":{"start":{"line":8,"column":8},"end":{"line":8,"column":28}},"1":{"start":{"line":9,"column":8},"end":{"line":16,"column":9}},"2":{"start":{"line":10,"column":12},"end":{"line":10,"column":50}},"3":{"start":{"line":12,"column":12},"end":{"line":15,"column":13}},"4":{"start":{"line":14,"column":16},"end":{"line":14,"column":52}},"5":{"start":{"line":17,"column":8},"end":{"line":39,"column":9}},"6":{"start":{"line":19,"column":16},"end":{"line":19,"column":34}},"7":{"start":{"line":20,"column":12},"end":{"line":20,"column":18}},"8":{"start":{"line":22,"column":16},"end":{"line":22,"column":34}},"9":{"start":{"line":23,"column":12},"end":{"line":23,"column":18}},"10":{"start":{"line":25,"column":16},"end":{"line":25,"column":34}},"11":{"start":{"line":26,"column":12},"end":{"line":26,"column":18}},"12":{"start":{"line":28,"column":16},"end":{"line":28,"column":34}},"13":{"start":{"line":29,"column":12},"end":{"line":29,"column":18}},"14":{"start":{"line":31,"column":16},"end":{"line":31,"column":34}},"15":{"start":{"line":32,"column":12},"end":{"line":32,"column":18}},"16":{"start":{"line":34,"column":16},"end":{"line":34,"column":34}},"17":{"start":{"line":35,"column":12},"end":{"line":35,"column":18}},"18":{"start":{"line":37,"column":16},"end":{"line":37,"column":34}},"19":{"start":{"line":38,"column":12},"end":{"line":38,"column":18}},"20":{"start":{"line":42,"column":8},"end":{"line":44,"column":9}},"21":{"start":{"line":43,"column":12},"end":{"line":43,"column":73}},"22":{"start":{"line":45,"column":8},"end":{"line":47,"column":11}},"23":{"start":{"line":46,"column":12},"end":{"line":46,"column":50}},"24":{"start":{"line":48,"column":10},"end":{"line":48,"column":22}},"25":{"start":{"line":51,"column":8},"end":{"line":51,"column":28}},"26":{"start":{"line":54,"column":8},"end":{"line":54,"column":27}},"27":{"start":{"line":58,"column":8},"end":{"line":58,"column":86}}},"fnMap":{"0":{"name":"(anonymous_0)","decl":{"start":{"line":7,"column":4},"end":{"line":7,"column":5}},"loc":{"start":{"line":7,"column":33},"end":{"line":40,"column":5}},"line":7},"1":{"name":"(anonymous_1)","decl":{"start":{"line":41,"column":4},"end":{"line":41,"column":5}},"loc":{"start":{"line":41,"column":14},"end":{"line":49,"column":5}},"line":41},"2":{"name":"(anonymous_2)","decl":{"start":{"line":50,"column":4},"end":{"line":50,"column":5}},"loc":{"start":{"line":50,"column":15},"end":{"line":52,"column":5}},"line":50},"3":{"name":"(anonymous_3)","decl":{"start":{"line":53,"column":4},"end":{"line":53,"column":5}},"loc":{"start":{"line":53,"column":14},"end":{"line":55,"column":5}},"line":53},"4":{"name":"(anonymous_4)","decl":{"start":{"line":57,"column":4},"end":{"line":57,"column":5}},"loc":{"start":{"line":57,"column":14},"end":{"line":59,"column":5}},"line":57}},"branchMap":{"0":{"loc":{"start":{"line":9,"column":8},"end":{"line":16,"column":9}},"type":"if","locations":[{"start":{"line":9,"column":8},"end":{"line":16,"column":9}},{"start":{"line":11,"column":13},"end":{"line":16,"column":9}}],"line":9},"1":{"loc":{"start":{"line":12,"column":12},"end":{"line":15,"column":13}},"type":"if","locations":[{"start":{"line":12,"column":12},"end":{"line":15,"column":13}},{"start":{},"end":{}}],"line":12},"2":{"loc":{"start":{"line":17,"column":8},"end":{"line":39,"column":9}},"type":"switch","locations":[{"start":{"line":18,"column":12},"end":{"line":20,"column":18}},{"start":{"line":21,"column":12},"end":{"line":23,"column":18}},{"start":{"line":24,"column":12},"end":{"line":26,"column":18}},{"start":{"line":27,"column":12},"end":{"line":29,"column":18}},{"start":{"line":30,"column":12},"end":{"line":32,"column":18}},{"start":{"line":33,"column":12},"end":{"line":35,"column":18}},{"start":{"line":36,"column":12},"end":{"line":38,"column":18}}],"line":17},"3":{"loc":{"start":{"line":42,"column":8},"end":{"line":44,"column":9}},"type":"if","locations":[{"start":{"line":42,"column":8},"end":{"line":44,"column":9}},{"start":{},"end":{}}],"line":42},"4":{"loc":{"start":{"line":42,"column":12},"end":{"line":42,"column":86}},"type":"binary-expr","locations":[{"start":{"line":42,"column":12},"end":{"line":42,"column":38}},{"start":{"line":42,"column":42},"end":{"line":42,"column":63}},{"start":{"line":42,"column":67},"end":{"line":42,"column":86}}],"line":42},"5":{"loc":{"start":{"line":45,"column":8},"end":{"line":47,"column":11}},"type":"if","locations":[{"start":{"line":45,"column":8},"end":{"line":47,"column":11}},{"start":{},"end":{}}],"line":45},"6":{"loc":{"start":{"line":45,"column":12},"end":{"line":45,"column":95}},"type":"binary-expr","locations":[{"start":{"line":45,"column":12},"end":{"line":45,"column":37}},{"start":{"line":45,"column":41},"end":{"line":45,"column":61}},{"start":{"line":45,"column":65},"end":{"line":45,"column":78}},{"start":{"line":45,"column":82},"end":{"line":45,"column":95}}],"line":45}},"s":{"0":29,"1":29,"2":1,"3":28,"4":28,"5":29,"6":1,"7":1,"8":1,"9":1,"10":1,"11":1,"12":21,"13":21,"14":1,"15":1,"16":1,"17":1,"18":3,"19":3,"20":7,"21":3,"22":4,"23":3,"24":1,"25":6,"26":1,"27":2},"f":{"0":29,"1":7,"2":6,"3":1,"4":2},"b":{"0":[1,28],"1":[28,0],"2":[1,1,1,21,1,1,3],"3":[3,4],"4":[7,6,5],"5":[3,1],"6":[4,3,2,1]},"_coverageSchema":"1a1c01bbd47fc00a2c39e90264f33305004495a9","hash":"f40aa60e1b6cbf35a6f5429fd07720286e11f803"}
,"C:\\Users\\totoz\\Desktop\\Obl FIs\\src\\domain\\MenuDelDia.js": {"path":"C:\\Users\\totoz\\Desktop\\Obl FIs\\src\\domain\\MenuDelDia.js","statementMap":{"0":{"start":{"line":9,"column":8},"end":{"line":9,"column":26}},"1":{"start":{"line":10,"column":8},"end":{"line":10,"column":24}},"2":{"start":{"line":11,"column":8},"end":{"line":11,"column":36}},"3":{"start":{"line":12,"column":8},"end":{"line":12,"column":28}},"4":{"start":{"line":13,"column":8},"end":{"line":13,"column":25}},"5":{"start":{"line":16,"column":8},"end":{"line":18,"column":9}},"6":{"start":{"line":17,"column":12},"end":{"line":17,"column":56}},"7":{"start":{"line":19,"column":8},"end":{"line":21,"column":9}},"8":{"start":{"line":20,"column":12},"end":{"line":20,"column":61}},"9":{"start":{"line":22,"column":8},"end":{"line":24,"column":9}},"10":{"start":{"line":23,"column":12},"end":{"line":23,"column":57}},"11":{"start":{"line":25,"column":8},"end":{"line":27,"column":9}},"12":{"start":{"line":26,"column":12},"end":{"line":26,"column":55}},"13":{"start":{"line":30,"column":8},"end":{"line":30,"column":21}},"14":{"start":{"line":33,"column":8},"end":{"line":33,"column":26}},"15":{"start":{"line":36,"column":8},"end":{"line":36,"column":32}},"16":{"start":{"line":39,"column":8},"end":{"line":39,"column":28}},"17":{"start":{"line":42,"column":8},"end":{"line":42,"column":28}},"18":{"start":{"line":45,"column":8},"end":{"line":45,"column":27}},"19":{"start":{"line":48,"column":8},"end":{"line":48,"column":26}}},"fnMap":{"0":{"name":"(anonymous_0)","decl":{"start":{"line":8,"column":4},"end":{"line":8,"column":5}},"loc":{"start":{"line":8,"column":45},"end":{"line":14,"column":5}},"line":8},"1":{"name":"(anonymous_1)","decl":{"start":{"line":15,"column":4},"end":{"line":15,"column":5}},"loc":{"start":{"line":15,"column":14},"end":{"line":28,"column":5}},"line":15},"2":{"name":"(anonymous_2)","decl":{"start":{"line":29,"column":4},"end":{"line":29,"column":5}},"loc":{"start":{"line":29,"column":16},"end":{"line":31,"column":5}},"line":29},"3":{"name":"(anonymous_3)","decl":{"start":{"line":32,"column":4},"end":{"line":32,"column":5}},"loc":{"start":{"line":32,"column":13},"end":{"line":34,"column":5}},"line":32},"4":{"name":"(anonymous_4)","decl":{"start":{"line":35,"column":4},"end":{"line":35,"column":5}},"loc":{"start":{"line":35,"column":19},"end":{"line":37,"column":5}},"line":35},"5":{"name":"(anonymous_5)","decl":{"start":{"line":38,"column":4},"end":{"line":38,"column":5}},"loc":{"start":{"line":38,"column":15},"end":{"line":40,"column":5}},"line":38},"6":{"name":"(anonymous_6)","decl":{"start":{"line":41,"column":4},"end":{"line":41,"column":5}},"loc":{"start":{"line":41,"column":15},"end":{"line":43,"column":5}},"line":41},"7":{"name":"(anonymous_7)","decl":{"start":{"line":44,"column":4},"end":{"line":44,"column":5}},"loc":{"start":{"line":44,"column":14},"end":{"line":46,"column":5}},"line":44},"8":{"name":"(anonymous_8)","decl":{"start":{"line":47,"column":4},"end":{"line":47,"column":5}},"loc":{"start":{"line":47,"column":14},"end":{"line":49,"column":5}},"line":47}},"branchMap":{"0":{"loc":{"start":{"line":16,"column":8},"end":{"line":18,"column":9}},"type":"if","locations":[{"start":{"line":16,"column":8},"end":{"line":18,"column":9}},{"start":{},"end":{}}],"line":16},"1":{"loc":{"start":{"line":16,"column":12},"end":{"line":16,"column":83}},"type":"binary-expr","locations":[{"start":{"line":16,"column":12},"end":{"line":16,"column":37}},{"start":{"line":16,"column":41},"end":{"line":16,"column":61}},{"start":{"line":16,"column":65},"end":{"line":16,"column":83}}],"line":16},"2":{"loc":{"start":{"line":19,"column":8},"end":{"line":21,"column":9}},"type":"if","locations":[{"start":{"line":19,"column":8},"end":{"line":21,"column":9}},{"start":{},"end":{}}],"line":19},"3":{"loc":{"start":{"line":19,"column":12},"end":{"line":19,"column":96}},"type":"binary-expr","locations":[{"start":{"line":19,"column":12},"end":{"line":19,"column":42}},{"start":{"line":19,"column":46},"end":{"line":19,"column":71}},{"start":{"line":19,"column":75},"end":{"line":19,"column":96}}],"line":19},"4":{"loc":{"start":{"line":22,"column":8},"end":{"line":24,"column":9}},"type":"if","locations":[{"start":{"line":22,"column":8},"end":{"line":24,"column":9}},{"start":{},"end":{}}],"line":22},"5":{"loc":{"start":{"line":22,"column":12},"end":{"line":22,"column":84}},"type":"binary-expr","locations":[{"start":{"line":22,"column":12},"end":{"line":22,"column":38}},{"start":{"line":22,"column":42},"end":{"line":22,"column":63}},{"start":{"line":22,"column":67},"end":{"line":22,"column":84}}],"line":22},"6":{"loc":{"start":{"line":25,"column":8},"end":{"line":27,"column":9}},"type":"if","locations":[{"start":{"line":25,"column":8},"end":{"line":27,"column":9}},{"start":{},"end":{}}],"line":25},"7":{"loc":{"start":{"line":25,"column":12},"end":{"line":25,"column":78}},"type":"binary-expr","locations":[{"start":{"line":25,"column":12},"end":{"line":25,"column":36}},{"start":{"line":25,"column":40},"end":{"line":25,"column":59}},{"start":{"line":25,"column":63},"end":{"line":25,"column":78}}],"line":25}},"s":{"0":24,"1":24,"2":24,"3":24,"4":24,"5":12,"6":3,"7":9,"8":3,"9":6,"10":3,"11":3,"12":3,"13":1,"14":2,"15":1,"16":1,"17":1,"18":4,"19":1},"f":{"0":24,"1":12,"2":1,"3":2,"4":1,"5":1,"6":1,"7":4,"8":1},"b":{"0":[3,9],"1":[12,11,10],"2":[3,6],"3":[9,8,7],"4":[3,3],"5":[6,5,4],"6":[3,0],"7":[3,2,1]},"_coverageSchema":"1a1c01bbd47fc00a2c39e90264f33305004495a9","hash":"abee4e2eb5b640fd249ff87d62df6c42b8f98943"}
,"C:\\Users\\totoz\\Desktop\\Obl FIs\\src\\domain\\Pedido.js": {"path":"C:\\Users\\totoz\\Desktop\\Obl FIs\\src\\domain\\Pedido.js","statementMap":{"0":{"start":{"line":6,"column":8},"end":{"line":6,"column":27}},"1":{"start":{"line":7,"column":8},"end":{"line":7,"column":24}},"2":{"start":{"line":8,"column":8},"end":{"line":8,"column":32}},"3":{"start":{"line":11,"column":8},"end":{"line":13,"column":9}},"4":{"start":{"line":12,"column":12},"end":{"line":12,"column":56}},"5":{"start":{"line":14,"column":8},"end":{"line":16,"column":11}},"6":{"start":{"line":15,"column":12},"end":{"line":15,"column":55}},"7":{"start":{"line":17,"column":10},"end":{"line":19,"column":11}},"8":{"start":{"line":18,"column":12},"end":{"line":18,"column":59}},"9":{"start":{"line":22,"column":8},"end":{"line":22,"column":26}},"10":{"start":{"line":25,"column":8},"end":{"line":25,"column":26}},"11":{"start":{"line":28,"column":8},"end":{"line":28,"column":30}},"12":{"start":{"line":31,"column":8},"end":{"line":31,"column":48}}},"fnMap":{"0":{"name":"(anonymous_0)","decl":{"start":{"line":5,"column":4},"end":{"line":5,"column":5}},"loc":{"start":{"line":5,"column":36},"end":{"line":9,"column":5}},"line":5},"1":{"name":"(anonymous_1)","decl":{"start":{"line":10,"column":4},"end":{"line":10,"column":5}},"loc":{"start":{"line":10,"column":14},"end":{"line":20,"column":5}},"line":10},"2":{"name":"(anonymous_2)","decl":{"start":{"line":21,"column":4},"end":{"line":21,"column":5}},"loc":{"start":{"line":21,"column":14},"end":{"line":23,"column":5}},"line":21},"3":{"name":"(anonymous_3)","decl":{"start":{"line":24,"column":4},"end":{"line":24,"column":5}},"loc":{"start":{"line":24,"column":13},"end":{"line":26,"column":5}},"line":24},"4":{"name":"(anonymous_4)","decl":{"start":{"line":27,"column":4},"end":{"line":27,"column":5}},"loc":{"start":{"line":27,"column":17},"end":{"line":29,"column":5}},"line":27},"5":{"name":"(anonymous_5)","decl":{"start":{"line":30,"column":4},"end":{"line":30,"column":5}},"loc":{"start":{"line":30,"column":14},"end":{"line":32,"column":5}},"line":30}},"branchMap":{"0":{"loc":{"start":{"line":11,"column":8},"end":{"line":13,"column":9}},"type":"if","locations":[{"start":{"line":11,"column":8},"end":{"line":13,"column":9}},{"start":{},"end":{}}],"line":11},"1":{"loc":{"start":{"line":11,"column":12},"end":{"line":11,"column":83}},"type":"binary-expr","locations":[{"start":{"line":11,"column":12},"end":{"line":11,"column":37}},{"start":{"line":11,"column":41},"end":{"line":11,"column":61}},{"start":{"line":11,"column":65},"end":{"line":11,"column":83}}],"line":11},"2":{"loc":{"start":{"line":14,"column":8},"end":{"line":16,"column":11}},"type":"if","locations":[{"start":{"line":14,"column":8},"end":{"line":16,"column":11}},{"start":{},"end":{}}],"line":14},"3":{"loc":{"start":{"line":14,"column":12},"end":{"line":14,"column":77}},"type":"binary-expr","locations":[{"start":{"line":14,"column":12},"end":{"line":14,"column":36}},{"start":{"line":14,"column":40},"end":{"line":14,"column":59}},{"start":{"line":14,"column":62},"end":{"line":14,"column":77}}],"line":14},"4":{"loc":{"start":{"line":17,"column":10},"end":{"line":19,"column":11}},"type":"if","locations":[{"start":{"line":17,"column":10},"end":{"line":19,"column":11}},{"start":{},"end":{}}],"line":17},"5":{"loc":{"start":{"line":17,"column":14},"end":{"line":17,"column":91}},"type":"binary-expr","locations":[{"start":{"line":17,"column":14},"end":{"line":17,"column":42}},{"start":{"line":17,"column":46},"end":{"line":17,"column":69}},{"start":{"line":17,"column":72},"end":{"line":17,"column":91}}],"line":17}},"s":{"0":16,"1":16,"2":16,"3":9,"4":3,"5":6,"6":3,"7":3,"8":3,"9":2,"10":1,"11":1,"12":1},"f":{"0":16,"1":9,"2":2,"3":1,"4":1,"5":1},"b":{"0":[3,6],"1":[9,8,7],"2":[3,3],"3":[6,5,4],"4":[3,0],"5":[3,2,1]},"_coverageSchema":"1a1c01bbd47fc00a2c39e90264f33305004495a9","hash":"4bdc3b6a69a38230a16523ead3e797d358494ee6"}
,"C:\\Users\\totoz\\Desktop\\Obl FIs\\src\\domain\\Producto.js": {"path":"C:\\Users\\totoz\\Desktop\\Obl FIs\\src\\domain\\Producto.js","statementMap":{"0":{"start":{"line":7,"column":8},"end":{"line":7,"column":32}},"1":{"start":{"line":8,"column":8},"end":{"line":8,"column":28}},"2":{"start":{"line":9,"column":8},"end":{"line":17,"column":9}},"3":{"start":{"line":10,"column":12},"end":{"line":10,"column":43}},"4":{"start":{"line":12,"column":12},"end":{"line":16,"column":13}},"5":{"start":{"line":13,"column":16},"end":{"line":13,"column":43}},"6":{"start":{"line":15,"column":16},"end":{"line":15,"column":50}},"7":{"start":{"line":18,"column":8},"end":{"line":18,"column":33}},"8":{"start":{"line":21,"column":8},"end":{"line":21,"column":30}},"9":{"start":{"line":24,"column":8},"end":{"line":24,"column":28}},"10":{"start":{"line":27,"column":8},"end":{"line":27,"column":35}},"11":{"start":{"line":30,"column":8},"end":{"line":30,"column":28}},"12":{"start":{"line":33,"column":8},"end":{"line":33,"column":28}},"13":{"start":{"line":36,"column":8},"end":{"line":38,"column":9}},"14":{"start":{"line":37,"column":12},"end":{"line":37,"column":24}},"15":{"start":{"line":39,"column":8},"end":{"line":39,"column":21}},"16":{"start":{"line":42,"column":8},"end":{"line":44,"column":9}},"17":{"start":{"line":43,"column":12},"end":{"line":43,"column":73}},"18":{"start":{"line":45,"column":8},"end":{"line":47,"column":11}},"19":{"start":{"line":46,"column":12},"end":{"line":46,"column":56}},"20":{"start":{"line":48,"column":8},"end":{"line":51,"column":9}},"21":{"start":{"line":50,"column":12},"end":{"line":50,"column":47}}},"fnMap":{"0":{"name":"(anonymous_0)","decl":{"start":{"line":6,"column":4},"end":{"line":6,"column":5}},"loc":{"start":{"line":6,"column":59},"end":{"line":19,"column":5}},"line":6},"1":{"name":"(anonymous_1)","decl":{"start":{"line":20,"column":4},"end":{"line":20,"column":5}},"loc":{"start":{"line":20,"column":17},"end":{"line":22,"column":5}},"line":20},"2":{"name":"(anonymous_2)","decl":{"start":{"line":23,"column":4},"end":{"line":23,"column":5}},"loc":{"start":{"line":23,"column":15},"end":{"line":25,"column":5}},"line":23},"3":{"name":"(anonymous_3)","decl":{"start":{"line":26,"column":4},"end":{"line":26,"column":5}},"loc":{"start":{"line":26,"column":22},"end":{"line":28,"column":5}},"line":26},"4":{"name":"(anonymous_4)","decl":{"start":{"line":29,"column":4},"end":{"line":29,"column":5}},"loc":{"start":{"line":29,"column":15},"end":{"line":31,"column":5}},"line":29},"5":{"name":"(anonymous_5)","decl":{"start":{"line":32,"column":4},"end":{"line":32,"column":5}},"loc":{"start":{"line":32,"column":14},"end":{"line":34,"column":5}},"line":32},"6":{"name":"(anonymous_6)","decl":{"start":{"line":35,"column":4},"end":{"line":35,"column":5}},"loc":{"start":{"line":35,"column":16},"end":{"line":40,"column":5}},"line":35},"7":{"name":"(anonymous_7)","decl":{"start":{"line":41,"column":4},"end":{"line":41,"column":5}},"loc":{"start":{"line":41,"column":14},"end":{"line":52,"column":5}},"line":41}},"branchMap":{"0":{"loc":{"start":{"line":9,"column":8},"end":{"line":17,"column":9}},"type":"if","locations":[{"start":{"line":9,"column":8},"end":{"line":17,"column":9}},{"start":{"line":11,"column":13},"end":{"line":17,"column":9}}],"line":9},"1":{"loc":{"start":{"line":12,"column":12},"end":{"line":16,"column":13}},"type":"if","locations":[{"start":{"line":12,"column":12},"end":{"line":16,"column":13}},{"start":{"line":14,"column":17},"end":{"line":16,"column":13}}],"line":12},"2":{"loc":{"start":{"line":36,"column":8},"end":{"line":38,"column":9}},"type":"if","locations":[{"start":{"line":36,"column":8},"end":{"line":38,"column":9}},{"start":{},"end":{}}],"line":36},"3":{"loc":{"start":{"line":42,"column":8},"end":{"line":44,"column":9}},"type":"if","locations":[{"start":{"line":42,"column":8},"end":{"line":44,"column":9}},{"start":{},"end":{}}],"line":42},"4":{"loc":{"start":{"line":42,"column":12},"end":{"line":42,"column":86}},"type":"binary-expr","locations":[{"start":{"line":42,"column":12},"end":{"line":42,"column":38}},{"start":{"line":42,"column":42},"end":{"line":42,"column":63}},{"start":{"line":42,"column":67},"end":{"line":42,"column":86}}],"line":42},"5":{"loc":{"start":{"line":45,"column":8},"end":{"line":47,"column":11}},"type":"if","locations":[{"start":{"line":45,"column":8},"end":{"line":47,"column":11}},{"start":{},"end":{}}],"line":45},"6":{"loc":{"start":{"line":45,"column":12},"end":{"line":45,"column":86}},"type":"binary-expr","locations":[{"start":{"line":45,"column":12},"end":{"line":45,"column":38}},{"start":{"line":45,"column":42},"end":{"line":45,"column":63}},{"start":{"line":45,"column":67},"end":{"line":45,"column":86}}],"line":45},"7":{"loc":{"start":{"line":48,"column":8},"end":{"line":51,"column":9}},"type":"if","locations":[{"start":{"line":48,"column":8},"end":{"line":51,"column":9}},{"start":{"line":49,"column":13},"end":{"line":51,"column":9}}],"line":48},"8":{"loc":{"start":{"line":48,"column":11},"end":{"line":48,"column":73}},"type":"binary-expr","locations":[{"start":{"line":48,"column":11},"end":{"line":48,"column":42}},{"start":{"line":48,"column":46},"end":{"line":48,"column":73}}],"line":48}},"s":{"0":30,"1":30,"2":30,"3":21,"4":9,"5":8,"6":1,"7":30,"8":1,"9":1,"10":1,"11":4,"12":2,"13":5,"14":2,"15":3,"16":6,"17":3,"18":3,"19":2,"20":1,"21":1},"f":{"0":30,"1":1,"2":1,"3":1,"4":4,"5":2,"6":5,"7":6},"b":{"0":[21,9],"1":[8,1],"2":[2,3],"3":[3,3],"4":[6,5,4],"5":[2,1],"6":[3,2,1],"7":[0,1],"8":[1,1]},"_coverageSchema":"1a1c01bbd47fc00a2c39e90264f33305004495a9","hash":"fcebb27f4fd887f50ce0e37a31904e68cd1afc2a"}
,"C:\\Users\\totoz\\Desktop\\Obl FIs\\src\\domain\\Socio.js": {"path":"C:\\Users\\totoz\\Desktop\\Obl FIs\\src\\domain\\Socio.js","statementMap":{"0":{"start":{"line":9,"column":8},"end":{"line":9,"column":29}},"1":{"start":{"line":10,"column":8},"end":{"line":10,"column":30}},"2":{"start":{"line":11,"column":8},"end":{"line":11,"column":32}},"3":{"start":{"line":12,"column":8},"end":{"line":12,"column":26}},"4":{"start":{"line":13,"column":8},"end":{"line":13,"column":29}},"5":{"start":{"line":16,"column":8},"end":{"line":18,"column":9}},"6":{"start":{"line":17,"column":12},"end":{"line":17,"column":73}},"7":{"start":{"line":19,"column":8},"end":{"line":21,"column":11}},"8":{"start":{"line":20,"column":12},"end":{"line":20,"column":50}},"9":{"start":{"line":24,"column":8},"end":{"line":24,"column":28}},"10":{"start":{"line":27,"column":8},"end":{"line":27,"column":28}},"11":{"start":{"line":30,"column":8},"end":{"line":30,"column":45}},"12":{"start":{"line":33,"column":8},"end":{"line":33,"column":39}},"13":{"start":{"line":36,"column":8},"end":{"line":36,"column":33}},"14":{"start":{"line":39,"column":8},"end":{"line":39,"column":43}},"15":{"start":{"line":42,"column":8},"end":{"line":42,"column":28}},"16":{"start":{"line":43,"column":8},"end":{"line":43,"column":30}},"17":{"start":{"line":46,"column":8},"end":{"line":46,"column":28}},"18":{"start":{"line":49,"column":8},"end":{"line":49,"column":30}},"19":{"start":{"line":52,"column":8},"end":{"line":52,"column":28}},"20":{"start":{"line":55,"column":8},"end":{"line":55,"column":27}},"21":{"start":{"line":58,"column":19},"end":{"line":58,"column":24}},"22":{"start":{"line":59,"column":8},"end":{"line":63,"column":9}},"23":{"start":{"line":60,"column":12},"end":{"line":62,"column":13}},"24":{"start":{"line":61,"column":16},"end":{"line":61,"column":27}},"25":{"start":{"line":64,"column":8},"end":{"line":64,"column":20}},"26":{"start":{"line":67,"column":8},"end":{"line":71,"column":9}},"27":{"start":{"line":68,"column":12},"end":{"line":68,"column":50}},"28":{"start":{"line":70,"column":12},"end":{"line":70,"column":50}},"29":{"start":{"line":75,"column":8},"end":{"line":75,"column":36}},"30":{"start":{"line":79,"column":8},"end":{"line":79,"column":45}}},"fnMap":{"0":{"name":"(anonymous_0)","decl":{"start":{"line":8,"column":4},"end":{"line":8,"column":5}},"loc":{"start":{"line":8,"column":31},"end":{"line":14,"column":5}},"line":8},"1":{"name":"(anonymous_1)","decl":{"start":{"line":15,"column":4},"end":{"line":15,"column":5}},"loc":{"start":{"line":15,"column":14},"end":{"line":22,"column":5}},"line":15},"2":{"name":"(anonymous_2)","decl":{"start":{"line":23,"column":4},"end":{"line":23,"column":5}},"loc":{"start":{"line":23,"column":24},"end":{"line":25,"column":5}},"line":23},"3":{"name":"(anonymous_3)","decl":{"start":{"line":26,"column":4},"end":{"line":26,"column":5}},"loc":{"start":{"line":26,"column":23},"end":{"line":28,"column":5}},"line":26},"4":{"name":"(anonymous_4)","decl":{"start":{"line":29,"column":4},"end":{"line":29,"column":5}},"loc":{"start":{"line":29,"column":23},"end":{"line":31,"column":5}},"line":29},"5":{"name":"(anonymous_5)","decl":{"start":{"line":32,"column":4},"end":{"line":32,"column":5}},"loc":{"start":{"line":32,"column":25},"end":{"line":34,"column":5}},"line":32},"6":{"name":"(anonymous_6)","decl":{"start":{"line":35,"column":4},"end":{"line":35,"column":5}},"loc":{"start":{"line":35,"column":16},"end":{"line":37,"column":5}},"line":35},"7":{"name":"(anonymous_7)","decl":{"start":{"line":38,"column":4},"end":{"line":38,"column":5}},"loc":{"start":{"line":38,"column":23},"end":{"line":40,"column":5}},"line":38},"8":{"name":"(anonymous_8)","decl":{"start":{"line":41,"column":4},"end":{"line":41,"column":5}},"loc":{"start":{"line":41,"column":23},"end":{"line":44,"column":5}},"line":41},"9":{"name":"(anonymous_9)","decl":{"start":{"line":45,"column":4},"end":{"line":45,"column":5}},"loc":{"start":{"line":45,"column":15},"end":{"line":47,"column":5}},"line":45},"10":{"name":"(anonymous_10)","decl":{"start":{"line":48,"column":4},"end":{"line":48,"column":5}},"loc":{"start":{"line":48,"column":17},"end":{"line":50,"column":5}},"line":48},"11":{"name":"(anonymous_11)","decl":{"start":{"line":51,"column":4},"end":{"line":51,"column":5}},"loc":{"start":{"line":51,"column":17},"end":{"line":53,"column":5}},"line":51},"12":{"name":"(anonymous_12)","decl":{"start":{"line":54,"column":4},"end":{"line":54,"column":5}},"loc":{"start":{"line":54,"column":14},"end":{"line":56,"column":5}},"line":54},"13":{"name":"(anonymous_13)","decl":{"start":{"line":57,"column":4},"end":{"line":57,"column":5}},"loc":{"start":{"line":57,"column":28},"end":{"line":65,"column":5}},"line":57},"14":{"name":"(anonymous_14)","decl":{"start":{"line":66,"column":4},"end":{"line":66,"column":5}},"loc":{"start":{"line":66,"column":31},"end":{"line":73,"column":5}},"line":66},"15":{"name":"(anonymous_15)","decl":{"start":{"line":74,"column":4},"end":{"line":74,"column":5}},"loc":{"start":{"line":74,"column":19},"end":{"line":76,"column":5}},"line":74},"16":{"name":"(anonymous_16)","decl":{"start":{"line":78,"column":4},"end":{"line":78,"column":5}},"loc":{"start":{"line":78,"column":25},"end":{"line":80,"column":5}},"line":78}},"branchMap":{"0":{"loc":{"start":{"line":16,"column":8},"end":{"line":18,"column":9}},"type":"if","locations":[{"start":{"line":16,"column":8},"end":{"line":18,"column":9}},{"start":{},"end":{}}],"line":16},"1":{"loc":{"start":{"line":16,"column":12},"end":{"line":16,"column":86}},"type":"binary-expr","locations":[{"start":{"line":16,"column":12},"end":{"line":16,"column":38}},{"start":{"line":16,"column":42},"end":{"line":16,"column":63}},{"start":{"line":16,"column":67},"end":{"line":16,"column":86}}],"line":16},"2":{"loc":{"start":{"line":19,"column":8},"end":{"line":21,"column":11}},"type":"if","locations":[{"start":{"line":19,"column":8},"end":{"line":21,"column":11}},{"start":{},"end":{}}],"line":19},"3":{"loc":{"start":{"line":19,"column":12},"end":{"line":19,"column":61}},"type":"binary-expr","locations":[{"start":{"line":19,"column":12},"end":{"line":19,"column":37}},{"start":{"line":19,"column":41},"end":{"line":19,"column":61}}],"line":19},"4":{"loc":{"start":{"line":60,"column":12},"end":{"line":62,"column":13}},"type":"if","locations":[{"start":{"line":60,"column":12},"end":{"line":62,"column":13}},{"start":{},"end":{}}],"line":60},"5":{"loc":{"start":{"line":67,"column":8},"end":{"line":71,"column":9}},"type":"if","locations":[{"start":{"line":67,"column":8},"end":{"line":71,"column":9}},{"start":{"line":69,"column":13},"end":{"line":71,"column":9}}],"line":67}},"s":{"0":21,"1":21,"2":21,"3":21,"4":21,"5":5,"6":3,"7":2,"8":2,"9":3,"10":3,"11":1,"12":2,"13":2,"14":1,"15":1,"16":1,"17":1,"18":2,"19":1,"20":6,"21":7,"22":7,"23":2,"24":2,"25":7,"26":6,"27":5,"28":1,"29":2,"30":1},"f":{"0":21,"1":5,"2":3,"3":3,"4":1,"5":2,"6":2,"7":1,"8":1,"9":1,"10":2,"11":1,"12":6,"13":7,"14":6,"15":2,"16":1},"b":{"0":[3,2],"1":[5,4,3],"2":[2,0],"3":[2,1],"4":[2,0],"5":[5,1]},"_coverageSchema":"1a1c01bbd47fc00a2c39e90264f33305004495a9","hash":"b93fbff1996f42eac57e1b7ce16d039620f79b2b"}
}
