TN:
SF:src\domain\Cantina.js
FN:7,(anonymous_0)
FN:14,(anonymous_1)
FN:17,(anonymous_2)
FN:20,(anonymous_3)
FN:23,(anonymous_4)
FN:32,(anonymous_5)
FN:41,(anonymous_6)
FN:50,(anonymous_7)
FN:61,(anonymous_8)
FN:70,(anonymous_9)
FN:79,(anonymous_10)
FN:86,(anonymous_11)
FN:89,(anonymous_12)
FNF:13
FNH:9
FNDA:7,(anonymous_0)
FNDA:0,(anonymous_1)
FNDA:0,(anonymous_2)
FNDA:1,(anonymous_3)
FNDA:1,(anonymous_4)
FNDA:4,(anonymous_5)
FNDA:0,(anonymous_6)
FNDA:4,(anonymous_7)
FNDA:0,(anonymous_8)
FNDA:7,(anonymous_9)
FNDA:4,(anonymous_10)
FNDA:1,(anonymous_11)
FNDA:2,(anonymous_12)
DA:8,7
DA:9,7
DA:10,7
DA:11,7
DA:12,7
DA:15,0
DA:18,0
DA:21,1
DA:25,1
DA:26,1
DA:27,1
DA:30,0
DA:33,4
DA:34,4
DA:35,1
DA:36,1
DA:39,4
DA:42,0
DA:43,0
DA:44,0
DA:45,0
DA:48,0
DA:51,4
DA:52,3
DA:53,1
DA:55,2
DA:58,1
DA:62,0
DA:63,0
DA:64,0
DA:65,0
DA:68,0
DA:71,7
DA:72,7
DA:73,1
DA:74,1
DA:77,7
DA:80,4
DA:81,3
DA:83,1
DA:87,1
DA:90,2
LF:42
LH:29
BRDA:26,0,0,1
BRDA:26,0,1,0
BRDA:35,1,0,1
BRDA:35,1,1,0
BRDA:44,2,0,0
BRDA:44,2,1,0
BRDA:51,3,0,3
BRDA:51,3,1,1
BRDA:51,4,0,4
BRDA:51,4,1,3
BRDA:52,5,0,1
BRDA:52,5,1,2
BRDA:64,6,0,0
BRDA:64,6,1,0
BRDA:73,7,0,1
BRDA:73,7,1,0
BRDA:80,8,0,3
BRDA:80,8,1,1
BRF:18
BRH:11
end_of_record
TN:
SF:src\domain\Comensal.js
FN:7,(anonymous_0)
FN:41,(anonymous_1)
FN:50,(anonymous_2)
FN:53,(anonymous_3)
FN:57,(anonymous_4)
FNF:5
FNH:5
FNDA:29,(anonymous_0)
FNDA:7,(anonymous_1)
FNDA:6,(anonymous_2)
FNDA:1,(anonymous_3)
FNDA:2,(anonymous_4)
DA:8,29
DA:9,29
DA:10,1
DA:12,28
DA:14,28
DA:17,29
DA:19,1
DA:20,1
DA:22,1
DA:23,1
DA:25,1
DA:26,1
DA:28,21
DA:29,21
DA:31,1
DA:32,1
DA:34,1
DA:35,1
DA:37,3
DA:38,3
DA:42,7
DA:43,3
DA:45,4
DA:46,3
DA:48,1
DA:51,6
DA:54,1
DA:58,2
LF:28
LH:28
BRDA:9,0,0,1
BRDA:9,0,1,28
BRDA:12,1,0,28
BRDA:12,1,1,0
BRDA:17,2,0,1
BRDA:17,2,1,1
BRDA:17,2,2,1
BRDA:17,2,3,21
BRDA:17,2,4,1
BRDA:17,2,5,1
BRDA:17,2,6,3
BRDA:42,3,0,3
BRDA:42,3,1,4
BRDA:42,4,0,7
BRDA:42,4,1,6
BRDA:42,4,2,5
BRDA:45,5,0,3
BRDA:45,5,1,1
BRDA:45,6,0,4
BRDA:45,6,1,3
BRDA:45,6,2,2
BRDA:45,6,3,1
BRF:22
BRH:21
end_of_record
TN:
SF:src\domain\MenuDelDia.js
FN:8,(anonymous_0)
FN:15,(anonymous_1)
FN:29,(anonymous_2)
FN:32,(anonymous_3)
FN:35,(anonymous_4)
FN:38,(anonymous_5)
FN:41,(anonymous_6)
FN:44,(anonymous_7)
FN:47,(anonymous_8)
FNF:9
FNH:9
FNDA:24,(anonymous_0)
FNDA:12,(anonymous_1)
FNDA:1,(anonymous_2)
FNDA:2,(anonymous_3)
FNDA:1,(anonymous_4)
FNDA:1,(anonymous_5)
FNDA:1,(anonymous_6)
FNDA:4,(anonymous_7)
FNDA:1,(anonymous_8)
DA:9,24
DA:10,24
DA:11,24
DA:12,24
DA:13,24
DA:16,12
DA:17,3
DA:19,9
DA:20,3
DA:22,6
DA:23,3
DA:25,3
DA:26,3
DA:30,1
DA:33,2
DA:36,1
DA:39,1
DA:42,1
DA:45,4
DA:48,1
LF:20
LH:20
BRDA:16,0,0,3
BRDA:16,0,1,9
BRDA:16,1,0,12
BRDA:16,1,1,11
BRDA:16,1,2,10
BRDA:19,2,0,3
BRDA:19,2,1,6
BRDA:19,3,0,9
BRDA:19,3,1,8
BRDA:19,3,2,7
BRDA:22,4,0,3
BRDA:22,4,1,3
BRDA:22,5,0,6
BRDA:22,5,1,5
BRDA:22,5,2,4
BRDA:25,6,0,3
BRDA:25,6,1,0
BRDA:25,7,0,3
BRDA:25,7,1,2
BRDA:25,7,2,1
BRF:20
BRH:19
end_of_record
TN:
SF:src\domain\Pedido.js
FN:5,(anonymous_0)
FN:10,(anonymous_1)
FN:21,(anonymous_2)
FN:24,(anonymous_3)
FN:27,(anonymous_4)
FN:30,(anonymous_5)
FNF:6
FNH:6
FNDA:16,(anonymous_0)
FNDA:9,(anonymous_1)
FNDA:2,(anonymous_2)
FNDA:1,(anonymous_3)
FNDA:1,(anonymous_4)
FNDA:1,(anonymous_5)
DA:6,16
DA:7,16
DA:8,16
DA:11,9
DA:12,3
DA:14,6
DA:15,3
DA:17,3
DA:18,3
DA:22,2
DA:25,1
DA:28,1
DA:31,1
LF:13
LH:13
BRDA:11,0,0,3
BRDA:11,0,1,6
BRDA:11,1,0,9
BRDA:11,1,1,8
BRDA:11,1,2,7
BRDA:14,2,0,3
BRDA:14,2,1,3
BRDA:14,3,0,6
BRDA:14,3,1,5
BRDA:14,3,2,4
BRDA:17,4,0,3
BRDA:17,4,1,0
BRDA:17,5,0,3
BRDA:17,5,1,2
BRDA:17,5,2,1
BRF:15
BRH:14
end_of_record
TN:
SF:src\domain\Producto.js
FN:6,(anonymous_0)
FN:20,(anonymous_1)
FN:23,(anonymous_2)
FN:26,(anonymous_3)
FN:29,(anonymous_4)
FN:32,(anonymous_5)
FN:35,(anonymous_6)
FN:41,(anonymous_7)
FNF:8
FNH:8
FNDA:30,(anonymous_0)
FNDA:1,(anonymous_1)
FNDA:1,(anonymous_2)
FNDA:1,(anonymous_3)
FNDA:4,(anonymous_4)
FNDA:2,(anonymous_5)
FNDA:5,(anonymous_6)
FNDA:6,(anonymous_7)
DA:7,30
DA:8,30
DA:9,30
DA:10,21
DA:12,9
DA:13,8
DA:15,1
DA:18,30
DA:21,1
DA:24,1
DA:27,1
DA:30,4
DA:33,2
DA:36,5
DA:37,2
DA:39,3
DA:42,6
DA:43,3
DA:45,3
DA:46,2
DA:48,1
DA:50,1
LF:22
LH:22
BRDA:9,0,0,21
BRDA:9,0,1,9
BRDA:12,1,0,8
BRDA:12,1,1,1
BRDA:36,2,0,2
BRDA:36,2,1,3
BRDA:42,3,0,3
BRDA:42,3,1,3
BRDA:42,4,0,6
BRDA:42,4,1,5
BRDA:42,4,2,4
BRDA:45,5,0,2
BRDA:45,5,1,1
BRDA:45,6,0,3
BRDA:45,6,1,2
BRDA:45,6,2,1
BRDA:48,7,0,0
BRDA:48,7,1,1
BRDA:48,8,0,1
BRDA:48,8,1,1
BRF:20
BRH:19
end_of_record
TN:
SF:src\domain\Socio.js
FN:8,(anonymous_0)
FN:15,(anonymous_1)
FN:23,(anonymous_2)
FN:26,(anonymous_3)
FN:29,(anonymous_4)
FN:32,(anonymous_5)
FN:35,(anonymous_6)
FN:38,(anonymous_7)
FN:41,(anonymous_8)
FN:45,(anonymous_9)
FN:48,(anonymous_10)
FN:51,(anonymous_11)
FN:54,(anonymous_12)
FN:57,(anonymous_13)
FN:66,(anonymous_14)
FN:74,(anonymous_15)
FN:78,(anonymous_16)
FNF:17
FNH:17
FNDA:21,(anonymous_0)
FNDA:5,(anonymous_1)
FNDA:3,(anonymous_2)
FNDA:3,(anonymous_3)
FNDA:1,(anonymous_4)
FNDA:2,(anonymous_5)
FNDA:2,(anonymous_6)
FNDA:1,(anonymous_7)
FNDA:1,(anonymous_8)
FNDA:1,(anonymous_9)
FNDA:2,(anonymous_10)
FNDA:1,(anonymous_11)
FNDA:6,(anonymous_12)
FNDA:7,(anonymous_13)
FNDA:6,(anonymous_14)
FNDA:2,(anonymous_15)
FNDA:1,(anonymous_16)
DA:9,21
DA:10,21
DA:11,21
DA:12,21
DA:13,21
DA:16,5
DA:17,3
DA:19,2
DA:20,2
DA:24,3
DA:27,3
DA:30,1
DA:33,2
DA:36,2
DA:39,1
DA:42,1
DA:43,1
DA:46,1
DA:49,2
DA:52,1
DA:55,6
DA:58,7
DA:59,7
DA:60,2
DA:61,2
DA:64,7
DA:67,6
DA:68,5
DA:70,1
DA:75,2
DA:79,1
LF:31
LH:31
BRDA:16,0,0,3
BRDA:16,0,1,2
BRDA:16,1,0,5
BRDA:16,1,1,4
BRDA:16,1,2,3
BRDA:19,2,0,2
BRDA:19,2,1,0
BRDA:19,3,0,2
BRDA:19,3,1,1
BRDA:60,4,0,2
BRDA:60,4,1,0
BRDA:67,5,0,5
BRDA:67,5,1,1
BRF:13
BRH:11
end_of_record
